<?xml version="1.0" encoding="UTF-8"?>
<!-- Generated by org.testng.reporters.JUnitXMLReporter -->
<testsuite ignored="0" hostname="kanlaya" failures="0" tests="3" name="Surefire test(failed)" time="25.959" errors="0" timestamp="2022-09-03T14:45:36 EDT">
  <testcase classname="test.LoginTesting" name="TC001_signinValidEmailValidPassword" time="3.409"/>
  <testcase classname="test.LoginTesting" name="TC002_signinInvalidEmailValidPassword" time="1.531"/>
  <testcase classname="test.LoginTesting" name="TC003_signinInvalidEmailInvalidPassword" time="1.313"/>
</testsuite> <!-- Surefire test(failed) -->
