<?xml version="1.0" encoding="UTF-8"?>
<testng-results ignored="0" total="3" passed="3" failed="0" skipped="0">
  <reporter-output>
  </reporter-output>
  <suite started-at="2022-09-03T14:45:10 EDT" name="Failed suite [Surefire suite]" finished-at="2022-09-03T14:45:36 EDT" duration-ms="25959">
    <groups>
    </groups>
    <test started-at="2022-09-03T14:45:10 EDT" name="Surefire test(failed)" finished-at="2022-09-03T14:45:36 EDT" duration-ms="25959">
      <class name="test.LoginTesting">
        <test-method is-config="true" signature="setUp()[pri:0, instance:test.LoginTesting@4d465b11]" started-at="2022-09-03T14:45:11 EDT" name="setUp" finished-at="2022-09-03T14:45:16 EDT" duration-ms="5558" status="PASS">
          <reporter-output>
          </reporter-output>
        </test-method> <!-- setUp -->
        <test-method signature="TC001_signinValidEmailValidPassword()[pri:0, instance:test.LoginTesting@4d465b11]" started-at="2022-09-03T14:45:16 EDT" name="TC001_signinValidEmailValidPassword" finished-at="2022-09-03T14:45:19 EDT" duration-ms="3409" status="PASS">
          <reporter-output>
          </reporter-output>
        </test-method> <!-- TC001_signinValidEmailValidPassword -->
        <test-method is-config="true" signature="closeBrowser()[pri:0, instance:test.LoginTesting@4d465b11]" started-at="2022-09-03T14:45:19 EDT" name="closeBrowser" finished-at="2022-09-03T14:45:22 EDT" duration-ms="2440" status="PASS">
          <reporter-output>
          </reporter-output>
        </test-method> <!-- closeBrowser -->
        <test-method is-config="true" signature="setUp()[pri:0, instance:test.LoginTesting@4d465b11]" started-at="2022-09-03T14:45:22 EDT" name="setUp" finished-at="2022-09-03T14:45:26 EDT" duration-ms="3866" status="PASS">
          <reporter-output>
          </reporter-output>
        </test-method> <!-- setUp -->
        <test-method signature="TC002_signinInvalidEmailValidPassword()[pri:0, instance:test.LoginTesting@4d465b11]" started-at="2022-09-03T14:45:26 EDT" name="TC002_signinInvalidEmailValidPassword" finished-at="2022-09-03T14:45:27 EDT" duration-ms="1531" status="PASS">
          <reporter-output>
          </reporter-output>
        </test-method> <!-- TC002_signinInvalidEmailValidPassword -->
        <test-method is-config="true" signature="closeBrowser()[pri:0, instance:test.LoginTesting@4d465b11]" started-at="2022-09-03T14:45:27 EDT" name="closeBrowser" finished-at="2022-09-03T14:45:30 EDT" duration-ms="2405" status="PASS">
          <reporter-output>
          </reporter-output>
        </test-method> <!-- closeBrowser -->
        <test-method is-config="true" signature="setUp()[pri:0, instance:test.LoginTesting@4d465b11]" started-at="2022-09-03T14:45:30 EDT" name="setUp" finished-at="2022-09-03T14:45:33 EDT" duration-ms="2922" status="PASS">
          <reporter-output>
          </reporter-output>
        </test-method> <!-- setUp -->
        <test-method signature="TC003_signinInvalidEmailInvalidPassword()[pri:0, instance:test.LoginTesting@4d465b11]" started-at="2022-09-03T14:45:33 EDT" name="TC003_signinInvalidEmailInvalidPassword" finished-at="2022-09-03T14:45:34 EDT" duration-ms="1313" status="PASS">
          <reporter-output>
          </reporter-output>
        </test-method> <!-- TC003_signinInvalidEmailInvalidPassword -->
        <test-method is-config="true" signature="closeBrowser()[pri:0, instance:test.LoginTesting@4d465b11]" started-at="2022-09-03T14:45:34 EDT" name="closeBrowser" finished-at="2022-09-03T14:45:36 EDT" duration-ms="2463" status="PASS">
          <reporter-output>
          </reporter-output>
        </test-method> <!-- closeBrowser -->
      </class> <!-- test.LoginTesting -->
    </test> <!-- Surefire test(failed) -->
  </suite> <!-- Failed suite [Surefire suite] -->
</testng-results>
